# JRE version: 7.0_25-b17
# Java VM: Java HotSpot(TM) Client VM (23.25-b01 mixed mode, sharing windows-x86 )
Heap
 def new generation   total 4928K, used 1488K [0x23a30000, 0x23f80000, 0x28f80000)
  eden space 4416K,  25% used [0x23a30000, 0x23b45e58, 0x23e80000)
  from space 512K,  73% used [0x23e80000, 0x23ede520, 0x23f00000)
  to   space 512K,   0% used [0x23f00000, 0x23f00000, 0x23f80000)
 tenured generation   total 10944K, used 4488K [0x28f80000, 0x29a30000, 0x33a30000)
   the space 10944K,  41% used [0x28f80000, 0x293e2358, 0x293e2400, 0x29a30000)
 compacting perm gen  total 12288K, used 4700K [0x33a30000, 0x34630000, 0x37a30000)
   the space 12288K,  38% used [0x33a30000, 0x33ec7200, 0x33ec7200, 0x34630000)
    ro space 10240K,  45% used [0x37a30000, 0x37eb9b28, 0x37eb9c00, 0x38430000)
    rw space 12288K,  54% used [0x38430000, 0x38abd0e8, 0x38abd200, 0x39030000)
GC Heap History (10 events):
Event: 1.245 GC heap before
{Heap before GC invocations=17 (full 0):
 def new generation   total 4928K, used 4572K [0x23a30000, 0x23f80000, 0x28f80000)
  eden space 4416K, 100% used [0x23a30000, 0x23e80000, 0x23e80000)
  from space 512K,  30% used [0x23f00000, 0x23f27090, 0x23f80000)
  to   space 512K,   0% used [0x23e80000, 0x23e80000, 0x23f00000)
 tenured generation   total 10944K, used 3082K [0x28f80000, 0x29a30000, 0x33a30000)
   the space 10944K,  28% used [0x28f80000, 0x29282a48, 0x29282c00, 0x29a30000)
 compacting perm gen  total 12288K, used 4086K [0x33a30000, 0x34630000, 0x37a30000)
   the space 12288K,  33% used [0x33a30000, 0x33e2db30, 0x33e2dc00, 0x34630000)
    ro space 10240K,  45% used [0x37a30000, 0x37eb9b28, 0x37eb9c00, 0x38430000)
    rw space 12288K,  54% used [0x38430000, 0x38abd0e8, 0x38abd200, 0x39030000)
Event: 1.246 GC heap after
Heap after GC invocations=18 (full 0):
 def new generation   total 4928K, used 156K [0x23a30000, 0x23f80000, 0x28f80000)
  eden space 4416K,   0% used [0x23a30000, 0x23a30000, 0x23e80000)
  from space 512K,  30% used [0x23e80000, 0x23ea70b8, 0x23f00000)
  to   space 512K,   0% used [0x23f00000, 0x23f00000, 0x23f80000)
 tenured generation   total 10944K, used 3082K [0x28f80000, 0x29a30000, 0x33a30000)
   the space 10944K,  28% used [0x28f80000, 0x29282a48, 0x29282c00, 0x29a30000)
 compacting perm gen  total 12288K, used 4086K [0x33a30000, 0x34630000, 0x37a30000)
   the space 12288K,  33% used [0x33a30000, 0x33e2db30, 0x33e2dc00, 0x34630000)
    ro space 10240K,  45% used [0x37a30000, 0x37eb9b28, 0x37eb9c00, 0x38430000)
    rw space 12288K,  54% used [0x38430000, 0x38abd0e8, 0x38abd200, 0x39030000)
}
Event: 1.274 GC heap before
{Heap before GC invocations=18 (full 0):
 def new generation   total 4928K, used 4572K [0x23a30000, 0x23f80000, 0x28f80000)
  eden space 4416K, 100% used [0x23a30000, 0x23e80000, 0x23e80000)
  from space 512K,  30% used [0x23e80000, 0x23ea70b8, 0x23f00000)
  to   space 512K,   0% used [0x23f00000, 0x23f00000, 0x23f80000)
 tenured generation   total 10944K, used 3082K [0x28f80000, 0x29a30000, 0x33a30000)
   the space 10944K,  28% used [0x28f80000, 0x29282a48, 0x29282c00, 0x29a30000)
 compacting perm gen  total 12288K, used 4086K [0x33a30000, 0x34630000, 0x37a30000)
   the space 12288K,  33% used [0x33a30000, 0x33e2db30, 0x33e2dc00, 0x34630000)
    ro space 10240K,  45% used [0x37a30000, 0x37eb9b28, 0x37eb9c00, 0x38430000)
    rw space 12288K,  54% used [0x38430000, 0x38abd0e8, 0x38abd200, 0x39030000)
Event: 1.274 GC heap after
Heap after GC invocations=19 (full 0):
 def new generation   total 4928K, used 156K [0x23a30000, 0x23f80000, 0x28f80000)
  eden space 4416K,   0% used [0x23a30000, 0x23a30000, 0x23e80000)
  from space 512K,  30% used [0x23f00000, 0x23f27070, 0x23f80000)
  to   space 512K,   0% used [0x23e80000, 0x23e80000, 0x23f00000)
 tenured generation   total 10944K, used 3082K [0x28f80000, 0x29a30000, 0x33a30000)
   the space 10944K,  28% used [0x28f80000, 0x29282a48, 0x29282c00, 0x29a30000)
 compacting perm gen  total 12288K, used 4086K [0x33a30000, 0x34630000, 0x37a30000)
   the space 12288K,  33% used [0x33a30000, 0x33e2db30, 0x33e2dc00, 0x34630000)
    ro space 10240K,  45% used [0x37a30000, 0x37eb9b28, 0x37eb9c00, 0x38430000)
    rw space 12288K,  54% used [0x38430000, 0x38abd0e8, 0x38abd200, 0x39030000)
}
Event: 1.301 GC heap before
{Heap before GC invocations=19 (full 0):
 def new generation   total 4928K, used 4572K [0x23a30000, 0x23f80000, 0x28f80000)
  eden space 4416K, 100% used [0x23a30000, 0x23e80000, 0x23e80000)
  from space 512K,  30% used [0x23f00000, 0x23f27070, 0x23f80000)
  to   space 512K,   0% used [0x23e80000, 0x23e80000, 0x23f00000)
 tenured generation   total 10944K, used 3082K [0x28f80000, 0x29a30000, 0x33a30000)
   the space 10944K,  28% used [0x28f80000, 0x29282a48, 0x29282c00, 0x29a30000)
 compacting perm gen  total 12288K, used 4086K [0x33a30000, 0x34630000, 0x37a30000)
   the space 12288K,  33% used [0x33a30000, 0x33e2db30, 0x33e2dc00, 0x34630000)
    ro space 10240K,  45% used [0x37a30000, 0x37eb9b28, 0x37eb9c00, 0x38430000)
    rw space 12288K,  54% used [0x38430000, 0x38abd0e8, 0x38abd200, 0x39030000)
Event: 1.302 GC heap after
Heap after GC invocations=20 (full 0):
 def new generation   total 4928K, used 156K [0x23a30000, 0x23f80000, 0x28f80000)
  eden space 4416K,   0% used [0x23a30000, 0x23a30000, 0x23e80000)
  from space 512K,  30% used [0x23e80000, 0x23ea7070, 0x23f00000)
  to   space 512K,   0% used [0x23f00000, 0x23f00000, 0x23f80000)
 tenured generation   total 10944K, used 3082K [0x28f80000, 0x29a30000, 0x33a30000)
   the space 10944K,  28% used [0x28f80000, 0x29282a48, 0x29282c00, 0x29a30000)
 compacting perm gen  total 12288K, used 4086K [0x33a30000, 0x34630000, 0x37a30000)
   the space 12288K,  33% used [0x33a30000, 0x33e2db30, 0x33e2dc00, 0x34630000)
    ro space 10240K,  45% used [0x37a30000, 0x37eb9b28, 0x37eb9c00, 0x38430000)
    rw space 12288K,  54% used [0x38430000, 0x38abd0e8, 0x38abd200, 0x39030000)
}
Event: 1.333 GC heap before
{Heap before GC invocations=20 (full 0):
 def new generation   total 4928K, used 4572K [0x23a30000, 0x23f80000, 0x28f80000)
  eden space 4416K, 100% used [0x23a30000, 0x23e80000, 0x23e80000)
  from space 512K,  30% used [0x23e80000, 0x23ea7070, 0x23f00000)
  to   space 512K,   0% used [0x23f00000, 0x23f00000, 0x23f80000)
 tenured generation   total 10944K, used 3082K [0x28f80000, 0x29a30000, 0x33a30000)
   the space 10944K,  28% used [0x28f80000, 0x29282a48, 0x29282c00, 0x29a30000)
 compacting perm gen  total 12288K, used 4086K [0x33a30000, 0x34630000, 0x37a30000)
   the space 12288K,  33% used [0x33a30000, 0x33e2db30, 0x33e2dc00, 0x34630000)
    ro space 10240K,  45% used [0x37a30000, 0x37eb9b28, 0x37eb9c00, 0x38430000)
    rw space 12288K,  54% used [0x38430000, 0x38abd0e8, 0x38abd200, 0x39030000)
Event: 1.334 GC heap after
Heap after GC invocations=21 (full 0):
 def new generation   total 4928K, used 156K [0x23a30000, 0x23f80000, 0x28f80000)
  eden space 4416K,   0% used [0x23a30000, 0x23a30000, 0x23e80000)
  from space 512K,  30% used [0x23f00000, 0x23f27058, 0x23f80000)
  to   space 512K,   0% used [0x23e80000, 0x23e80000, 0x23f00000)
 tenured generation   total 10944K, used 3082K [0x28f80000, 0x29a30000, 0x33a30000)
   the space 10944K,  28% used [0x28f80000, 0x29282a48, 0x29282c00, 0x29a30000)
 compacting perm gen  total 12288K, used 4086K [0x33a30000, 0x34630000, 0x37a30000)
   the space 12288K,  33% used [0x33a30000, 0x33e2db30, 0x33e2dc00, 0x34630000)
    ro space 10240K,  45% used [0x37a30000, 0x37eb9b28, 0x37eb9c00, 0x38430000)
    rw space 12288K,  54% used [0x38430000, 0x38abd0e8, 0x38abd200, 0x39030000)
}
Event: 1.442 GC heap before
{Heap before GC invocations=21 (full 0):
 def new generation   total 4928K, used 4572K [0x23a30000, 0x23f80000, 0x28f80000)
  eden space 4416K, 100% used [0x23a30000, 0x23e80000, 0x23e80000)
  from space 512K,  30% used [0x23f00000, 0x23f27058, 0x23f80000)
  to   space 512K,   0% used [0x23e80000, 0x23e80000, 0x23f00000)
 tenured generation   total 10944K, used 3082K [0x28f80000, 0x29a30000, 0x33a30000)
   the space 10944K,  28% used [0x28f80000, 0x29282a48, 0x29282c00, 0x29a30000)
 compacting perm gen  total 12288K, used 4484K [0x33a30000, 0x34630000, 0x37a30000)
   the space 12288K,  36% used [0x33a30000, 0x33e913c8, 0x33e91400, 0x34630000)
    ro space 10240K,  45% used [0x37a30000, 0x37eb9b28, 0x37eb9c00, 0x38430000)
    rw space 12288K,  54% used [0x38430000, 0x38abd0e8, 0x38abd200, 0x39030000)
Event: 1.446 GC heap after
Heap after GC invocations=22 (full 0):
 def new generation   total 4928K, used 377K [0x23a30000, 0x23f80000, 0x28f80000)
  eden space 4416K,   0% used [0x23a30000, 0x23a30000, 0x23e80000)
  from space 512K,  73% used [0x23e80000, 0x23ede520, 0x23f00000)
  to   space 512K,   0% used [0x23f00000, 0x23f00000, 0x23f80000)
 tenured generation   total 10944K, used 4488K [0x28f80000, 0x29a30000, 0x33a30000)
   the space 10944K,  41% used [0x28f80000, 0x293e2358, 0x293e2400, 0x29a30000)
 compacting perm gen  total 12288K, used 4484K [0x33a30000, 0x34630000, 0x37a30000)
   the space 12288K,  36% used [0x33a30000, 0x33e913c8, 0x33e91400, 0x34630000)
    ro space 10240K,  45% used [0x37a30000, 0x37eb9b28, 0x37eb9c00, 0x38430000)
    rw space 12288K,  54% used [0x38430000, 0x38abd0e8, 0x38abd200, 0x39030000)
}

